<?xml version="1.0" encoding="UTF-8"?>
<testsuite name="ArgParserTest" tests="1" skipped="0" failures="0" errors="0" timestamp="2016-07-28T15:50:36" hostname="vikass-MacBook-Pro.local" time="0.003">
  <properties/>
  <testcase name="testParseArgsMethodWithNoArgs" classname="ArgParserTest" time="0.003"/>
  <system-out><![CDATA[No program args passed
Using default dictionary path src/resources/dictionary.txt
]]></system-out>
  <system-err><![CDATA[]]></system-err>
</testsuite>
