<?xml version="1.0" encoding="UTF-8"?>
<testsuite name="test.PhoneNumberMatcherTest" tests="1" skipped="0" failures="0" errors="0" timestamp="2016-07-28T17:45:48" hostname="vikass-MacBook-Pro.local" time="0.001">
  <properties/>
  <testcase name="testProcessPhoneNumbers" classname="test.PhoneNumberMatcherTest" time="0.001"/>
  <system-out><![CDATA[]]></system-out>
  <system-err><![CDATA[]]></system-err>
</testsuite>
